  Source.cpp
Source.cpp(19): warning C4996: 'fopen': This function or variable may be unsafe. Consider using fopen_s instead. To disable deprecation, use _CRT_SECURE_NO_WARNINGS. See online help for details.
  C:\Program Files (x86)\Windows Kits\10\Include\10.0.10240.0\ucrt\stdio.h(205): note: see declaration of 'fopen'
Source.cpp(26): warning C4996: 'fopen': This function or variable may be unsafe. Consider using fopen_s instead. To disable deprecation, use _CRT_SECURE_NO_WARNINGS. See online help for details.
  C:\Program Files (x86)\Windows Kits\10\Include\10.0.10240.0\ucrt\stdio.h(205): note: see declaration of 'fopen'
Source.cpp(32): warning C4996: 'fopen': This function or variable may be unsafe. Consider using fopen_s instead. To disable deprecation, use _CRT_SECURE_NO_WARNINGS. See online help for details.
  C:\Program Files (x86)\Windows Kits\10\Include\10.0.10240.0\ucrt\stdio.h(205): note: see declaration of 'fopen'
  init.cpp
init.cpp(7): warning C4838: conversion from 'int' to 'SHORT' requires a narrowing conversion
init.cpp(99): warning C4309: 'initializing': truncation of constant value
init.cpp(454): warning C4244: '=': conversion from 'double' to 'unsigned char', possible loss of data
init.cpp(488): warning C4244: '=': conversion from 'double' to 'unsigned char', possible loss of data
init.cpp(535): warning C4244: '=': conversion from 'float' to 'unsigned char', possible loss of data
init.cpp(536): warning C4244: '=': conversion from 'float' to 'unsigned char', possible loss of data
init.cpp(537): warning C4244: '=': conversion from 'float' to 'unsigned char', possible loss of data
init.cpp(576): warning C4244: '=': conversion from 'float' to 'unsigned char', possible loss of data
init.cpp(577): warning C4244: '=': conversion from 'float' to 'unsigned char', possible loss of data
init.cpp(578): warning C4244: '=': conversion from 'float' to 'unsigned char', possible loss of data
  Generating code
  6 of 118 functions ( 5.1%) were compiled, the rest were copied from previous compilation.
    1 functions were new in current compilation
    2 functions had inline decision re-evaluated but remain unchanged
  Finished generating code
  Bitmap_C++.vcxproj -> E:\Visual Studio\WorkSpace\KTLT\TH KTLT\DACuoiKy\Release\Bitmap_C++.exe
  Bitmap_C++.vcxproj -> E:\Visual Studio\WorkSpace\KTLT\TH KTLT\DACuoiKy\Release\Bitmap_C++.pdb (Full PDB)
